TN:
SF:src/components/Form/Button/index.tsx
FN:11,Button
FNF:1
FNH:1
FNDA:4,Button
DA:16,4
LF:1
LH:1
BRF:0
BRH:0
end_of_record
TN:
SF:src/components/Form/CategorySelectButton/index.tsx
FN:15,CategorySelectButton
FNF:1
FNH:1
FNDA:2,CategorySelectButton
DA:20,2
LF:1
LH:1
BRF:0
BRH:0
end_of_record
TN:
SF:src/components/Form/Input/index.tsx
FN:10,Input
FNF:1
FNH:1
FNDA:5,Input
DA:14,5
LF:1
LH:1
BRDA:11,0,0,4
BRF:1
BRH:1
end_of_record
TN:
SF:src/components/Form/InputForm/index.tsx
FN:15,InputForm
FN:25,(anonymous_1)
FNF:2
FNH:2
FNDA:4,InputForm
FNDA:4,(anonymous_1)
DA:21,4
DA:26,4
LF:2
LH:2
BRDA:34,0,0,4
BRDA:34,0,1,0
BRF:2
BRH:1
end_of_record
TN:
SF:src/components/Form/TransactionTypeButton/index.tsx
FN:22,TransactionTypeButton
FNF:1
FNH:1
FNDA:4,TransactionTypeButton
DA:11,1
DA:28,4
LF:2
LH:2
BRF:0
BRH:0
end_of_record
TN:
SF:src/components/HighlightCard/index.tsx
FN:26,HighlightCard
FNF:1
FNH:0
FNDA:0,HighlightCard
DA:20,0
DA:32,0
LF:2
LH:0
BRF:0
BRH:0
end_of_record
TN:
SF:src/components/HistoryCard/index.tsx
FN:15,HistoryCard
FNF:1
FNH:0
FNDA:0,HistoryCard
DA:20,0
LF:1
LH:0
BRF:0
BRH:0
end_of_record
TN:
SF:src/components/SignInSocialButton/index.tsx
FN:16,SignInSocialButton
FNF:1
FNH:0
FNDA:0,SignInSocialButton
DA:21,0
LF:1
LH:0
BRF:0
BRH:0
end_of_record
TN:
SF:src/components/TransactionCard/index.tsx
FN:27,TransactionCard
FN:29,(anonymous_1)
FNF:2
FNH:0
FNDA:0,TransactionCard
FNDA:0,(anonymous_1)
DA:28,0
DA:29,0
DA:32,0
LF:3
LH:0
BRDA:39,0,0,0
BRDA:39,0,1,0
BRF:2
BRH:0
end_of_record
TN:
SF:src/hooks/auth.tsx
FN:44,AuthProvider
FN:50,signInWithGoogle
FN:81,signInWithApple
FN:110,signOut
FN:115,(anonymous_4)
FN:116,loadUserStorageDate
FN:142,useAuth
FNF:7
FNH:5
FNDA:3,AuthProvider
FNDA:1,signInWithGoogle
FNDA:0,signInWithApple
FNDA:0,signOut
FNDA:1,(anonymous_4)
FNDA:1,loadUserStorageDate
FNDA:5,useAuth
DA:9,2
DA:10,2
DA:42,2
DA:45,3
DA:46,3
DA:48,3
DA:51,1
DA:52,1
DA:53,1
DA:55,1
DA:57,1
DA:60,1
DA:61,1
DA:62,1
DA:64,1
DA:71,1
DA:72,1
DA:77,0
DA:82,0
DA:83,0
DA:90,0
DA:91,0
DA:92,0
DA:94,0
DA:101,0
DA:102,0
DA:106,0
DA:111,0
DA:112,0
DA:115,3
DA:117,1
DA:119,1
DA:120,0
DA:121,0
DA:123,1
DA:126,1
DA:129,3
DA:143,5
DA:145,5
LF:39
LH:25
BRDA:60,0,0,1
BRDA:60,0,1,0
BRDA:90,1,0,0
BRDA:90,1,1,0
BRDA:119,2,0,0
BRDA:119,2,1,1
BRF:6
BRH:2
end_of_record
TN:
SF:src/routes/app.routes.tsx
FN:13,AppRoutes
FN:32,(anonymous_1)
FN:46,(anonymous_2)
FN:60,(anonymous_3)
FNF:4
FNH:0
FNDA:0,AppRoutes
FNDA:0,(anonymous_1)
FNDA:0,(anonymous_2)
FNDA:0,(anonymous_3)
DA:7,0
DA:14,0
DA:15,0
DA:33,0
DA:47,0
DA:61,0
LF:6
LH:0
BRDA:24,0,0,0
BRDA:24,0,1,0
BRF:2
BRH:0
end_of_record
TN:
SF:src/routes/auth.routes.tsx
FN:8,AuthRoutes
FNF:1
FNH:0
FNDA:0,AuthRoutes
DA:6,0
DA:9,0
LF:2
LH:0
BRF:0
BRH:0
end_of_record
TN:
SF:src/routes/index.tsx
FN:9,Routes
FNF:1
FNH:0
FNDA:0,Routes
DA:10,0
DA:12,0
DA:14,0
LF:3
LH:0
BRDA:16,0,0,0
BRDA:16,0,1,0
BRF:2
BRH:0
end_of_record
TN:
SF:src/screens/CategorySelect/index.tsx
FN:30,CategorySelect
FN:36,handleCategorySelect
FN:49,(anonymous_2)
FN:50,(anonymous_3)
FN:52,(anonymous_4)
FN:59,(anonymous_5)
FNF:6
FNH:4
FNDA:2,CategorySelect
FNDA:0,handleCategorySelect
FNDA:12,(anonymous_2)
FNDA:12,(anonymous_3)
FNDA:0,(anonymous_4)
FNDA:10,(anonymous_5)
DA:37,0
DA:40,2
DA:49,12
DA:51,12
DA:52,0
DA:59,10
LF:6
LH:4
BRF:0
BRH:0
end_of_record
TN:
SF:src/screens/Dashboard/index.tsx
FN:45,Dashboard
FN:53,getLastTransactionDate
FN:59,(anonymous_2)
FN:66,(anonymous_3)
FN:71,loadTransactions
FN:80,(anonymous_5)
FN:152,(anonymous_6)
FN:156,(anonymous_7)
FN:212,(anonymous_8)
FN:213,(anonymous_9)
FNF:10
FNH:0
FNDA:0,Dashboard
FNDA:0,getLastTransactionDate
FNDA:0,(anonymous_2)
FNDA:0,(anonymous_3)
FNDA:0,loadTransactions
FNDA:0,(anonymous_5)
FNDA:0,(anonymous_6)
FNDA:0,(anonymous_7)
FNDA:0,(anonymous_8)
FNDA:0,(anonymous_9)
DA:46,0
DA:47,0
DA:48,0
DA:50,0
DA:51,0
DA:58,0
DA:59,0
DA:61,0
DA:62,0
DA:64,0
DA:66,0
DA:68,0
DA:72,0
DA:73,0
DA:74,0
DA:76,0
DA:77,0
DA:79,0
DA:82,0
DA:83,0
DA:85,0
DA:88,0
DA:94,0
DA:100,0
DA:111,0
DA:113,0
DA:114,0
DA:115,0
DA:119,0
DA:121,0
DA:149,0
DA:152,0
DA:153,0
DA:156,0
DA:157,0
DA:160,0
DA:212,0
DA:213,0
LF:38
LH:0
BRDA:61,0,0,0
BRDA:61,0,1,0
BRDA:74,1,0,0
BRDA:74,1,1,0
BRDA:82,2,0,0
BRDA:82,2,1,0
BRDA:115,3,0,0
BRDA:115,3,1,0
BRDA:127,4,0,0
BRDA:127,4,1,0
BRDA:136,5,0,0
BRDA:136,5,1,0
BRDA:163,6,0,0
BRDA:163,6,1,0
BRF:14
BRH:0
end_of_record
TN:
SF:src/screens/Profile/index.tsx
FN:9,Profile
FN:31,(anonymous_1)
FNF:2
FNH:1
FNDA:3,Profile
FNDA:0,(anonymous_1)
DA:10,3
LF:1
LH:1
BRF:0
BRH:0
end_of_record
TN:
SF:src/screens/Register/index.tsx
FN:48,(anonymous_0)
FN:54,Register
FN:80,handleTransactionTypeSelect
FN:84,handleOpenSelectCategoryModal
FN:88,handleCloseSelectCategoryModal
FN:92,handleRegister
FN:166,(anonymous_6)
FN:172,(anonymous_7)
FNF:8
FNH:2
FNDA:0,(anonymous_0)
FNDA:2,Register
FNDA:0,handleTransactionTypeSelect
FNDA:1,handleOpenSelectCategoryModal
FNDA:0,handleCloseSelectCategoryModal
FNDA:0,handleRegister
FNDA:0,(anonymous_6)
FNDA:0,(anonymous_7)
DA:42,1
DA:48,0
DA:55,2
DA:56,2
DA:58,2
DA:60,2
DA:69,2
DA:76,2
DA:81,0
DA:85,1
DA:89,0
DA:93,0
DA:94,0
DA:96,0
DA:97,0
DA:99,0
DA:108,0
DA:109,0
DA:110,0
DA:111,0
DA:113,0
DA:118,0
DA:120,0
DA:121,0
DA:122,0
DA:127,0
DA:130,0
DA:131,0
DA:136,2
DA:166,0
DA:172,0
LF:31
LH:9
BRDA:93,0,0,0
BRDA:93,0,1,0
BRDA:96,1,0,0
BRDA:96,1,1,0
BRDA:111,2,0,0
BRDA:111,2,1,0
BRDA:151,3,0,2
BRDA:151,3,1,0
BRDA:159,4,0,2
BRDA:159,4,1,0
BRF:10
BRH:2
end_of_record
TN:
SF:src/screens/Resume/index.tsx
FN:48,Resume
FN:57,handleDateChange
FN:65,loadData
FN:72,(anonymous_3)
FN:79,(anonymous_4)
FN:85,(anonymous_5)
FN:88,(anonymous_6)
FN:119,(anonymous_7)
FN:145,(anonymous_8)
FN:153,(anonymous_9)
FN:162,(anonymous_10)
FN:177,(anonymous_11)
FNF:12
FNH:0
FNDA:0,Resume
FNDA:0,handleDateChange
FNDA:0,loadData
FNDA:0,(anonymous_3)
FNDA:0,(anonymous_4)
FNDA:0,(anonymous_5)
FNDA:0,(anonymous_6)
FNDA:0,(anonymous_7)
FNDA:0,(anonymous_8)
FNDA:0,(anonymous_9)
FNDA:0,(anonymous_10)
FNDA:0,(anonymous_11)
DA:49,0
DA:50,0
DA:52,0
DA:54,0
DA:55,0
DA:58,0
DA:59,0
DA:61,0
DA:66,0
DA:67,0
DA:68,0
DA:69,0
DA:71,0
DA:73,0
DA:78,0
DA:80,0
DA:83,0
DA:85,0
DA:86,0
DA:88,0
DA:89,0
DA:90,0
DA:94,0
DA:95,0
DA:101,0
DA:103,0
DA:115,0
DA:116,0
DA:119,0
DA:120,0
DA:123,0
DA:145,0
DA:153,0
DA:162,0
DA:178,0
LF:35
LH:0
BRDA:58,0,0,0
BRDA:58,0,1,0
BRDA:69,1,0,0
BRDA:69,1,1,0
BRDA:73,2,0,0
BRDA:73,2,1,0
BRDA:73,2,2,0
BRDA:89,3,0,0
BRDA:89,3,1,0
BRDA:94,4,0,0
BRDA:94,4,1,0
BRDA:129,5,0,0
BRDA:129,5,1,0
BRF:13
BRH:0
end_of_record
TN:
SF:src/screens/SignIn/index.tsx
FN:24,SignIn
FN:30,handleSignInWithGoogle
FN:41,handleSignInWithApple
FNF:3
FNH:0
FNDA:0,SignIn
FNDA:0,handleSignInWithGoogle
FNDA:0,handleSignInWithApple
DA:25,0
DA:27,0
DA:28,0
DA:31,0
DA:32,0
DA:33,0
DA:35,0
DA:36,0
DA:37,0
DA:42,0
DA:43,0
DA:44,0
DA:46,0
DA:47,0
DA:48,0
DA:52,0
LF:16
LH:0
BRDA:83,0,0,0
BRDA:83,0,1,0
BRDA:93,1,0,0
BRDA:93,1,1,0
BRF:4
BRH:0
end_of_record
